<?xml version="1.0" encoding="UTF-8"?>
<testng-results skipped="0" failed="0" total="1" passed="1">
  <reporter-output>
  </reporter-output>
  <suite name="Default suite" duration-ms="5057" started-at="2021-07-08T18:08:31Z" finished-at="2021-07-08T18:08:36Z">
    <groups>
    </groups>
    <test name="Default test" duration-ms="5057" started-at="2021-07-08T18:08:31Z" finished-at="2021-07-08T18:08:36Z">
      <class name="Azure.AutomationTest.launchCode">
        <test-method status="PASS" signature="testLauunch()[pri:0, instance:Azure.AutomationTest.launchCode@77caeb3e]" name="testLauunch" duration-ms="5027" started-at="2021-07-08T23:38:31Z" finished-at="2021-07-08T23:38:36Z">
          <reporter-output>
          </reporter-output>
        </test-method> <!-- testLauunch -->
      </class> <!-- Azure.AutomationTest.launchCode -->
    </test> <!-- Default test -->
  </suite> <!-- Default suite -->
</testng-results>
